<?xml version="1.0" encoding="UTF-8"?>
<!-- Generated by org.testng.reporters.JUnitXMLReporter -->
<testsuite ignored="0" hostname="MSI" failures="1" tests="16" name="TutorialsNinja Tests" time="92.388" errors="0" timestamp="2025-03-01T13:00:34 IST">
  <testcase classname="com.tutorialsninja.qa.testcase.RegisterTest" name="VerifyRegisteringAccountWithMandatoryFields" time="1.446"/>
  <testcase classname="com.tutorialsninja.qa.testcase.RegisterTest" name="VerifyRegisteringAccountByProvidingAllFields" time="1.519"/>
  <testcase classname="com.tutorialsninja.qa.testcase.RegisterTest" name="VerifyRegisteringAccountWithExistingEmailAddress" time="1.018"/>
  <testcase classname="com.tutorialsninja.qa.testcase.RegisterTest" name="VerifyRegisteringAccountWithoutFillingAnyDetails" time="0.727"/>
  <testcase classname="com.tutorialsninja.qa.testcase.LoginTest" name="VerifyLoginWithValidCredentials" time="0.977"/>
  <testcase classname="com.tutorialsninja.qa.testcase.LoginTest" name="VerifyLoginWithValidCredentials" time="1.039"/>
  <testcase classname="com.tutorialsninja.qa.testcase.LoginTest" name="VerifyLoginWithValidCredentials" time="0.996"/>
  <testcase classname="com.tutorialsninja.qa.testcase.LoginTest" name="VerifyLoginWithInvalidCredentials" time="1.127"/>
  <testcase classname="com.tutorialsninja.qa.testcase.LoginTest" name="VerifyLoginWithInvalidEmailAndValidPassword" time="1.109"/>
  <testcase classname="com.tutorialsninja.qa.testcase.LoginTest" name="VerifyLoginWithValidEmailAndInvalidPassword" time="2.071"/>
  <testcase classname="com.tutorialsninja.qa.testcase.LoginTest" name="VerifyLoginWithoutProvidingcredentials" time="0.823"/>
  <testcase classname="com.tutorialsninja.qa.testcase.SearchTest" name="VerifySearchWithValidProduct" time="0.682"/>
  <testcase classname="com.tutorialsninja.qa.testcase.SearchTest" name="VerifySearchInvalidProduct" time="0.746">
    <failure type="java.lang.AssertionError" message="No Product in the Search Result is not Displayed expected [abcd] but found [There is no product that matches the search criteria.]">
      <![CDATA[java.lang.AssertionError: No Product in the Search Result is not Displayed expected [abcd] but found [There is no product that matches the search criteria.]
at com.tutorialsninja.qa.testcase.SearchTest.VerifySearchInvalidProduct(SearchTest.java:51)
at java.base/java.util.ArrayList.forEach(ArrayList.java:1596)
... Removed 30 stack frames]]>
    </failure>
  </testcase> <!-- VerifySearchInvalidProduct -->
  <testcase classname="com.tutorialsninja.qa.testcase.SearchTest" name="VerifySearchWithoutProvidingAnyProduct" time="0.0">
    <skipped/>
  </testcase> <!-- VerifySearchWithoutProvidingAnyProduct -->
  <testcase classname="com.tutorialsninja.qa.testcase.LogOutTest" name="verifyLoggingOutBySelectingLogOutOption" time="6.43"/>
  <testcase classname="com.tutorialsninja.qa.testcase.LogOutTest" name="verifyLoggingOutBySelectingLogoutOptionFromRightColumnOption" time="10.604"/>
</testsuite> <!-- TutorialsNinja Tests -->
