<?xml version="1.0" encoding="UTF-8"?>
<!-- Generated by org.testng.reporters.JUnitXMLReporter -->
<testsuite ignored="2" hostname="MSI" failures="0" tests="1" name="Default test" time="6.49" errors="0" timestamp="2025-03-05T14:25:16 IST">
  <testcase classname="com.tutorialsninja.qa.testcase.AddToCartTest" name="verifyAddingTheProductToCartFromSearchResultPage" time="6.444"/>
  <testcase classname="com.tutorialsninja.qa.testcase.AddToCartTest" name="verifyAddingTheProductToCartFromWishListPage" time="0.0">
    <ignored/>
  </testcase> <!-- verifyAddingTheProductToCartFromWishListPage -->
  <testcase classname="com.tutorialsninja.qa.testcase.AddToCartTest" name="verifyAddingTheProductToCartFromProductDisplayPage" time="0.0">
    <ignored/>
  </testcase> <!-- verifyAddingTheProductToCartFromProductDisplayPage -->
</testsuite> <!-- Default test -->
