<?xml version="1.0" encoding="UTF-8"?>
<testng-results ignored="0" total="1" passed="1" failed="0" skipped="0">
  <reporter-output>
  </reporter-output>
  <suite started-at="2025-03-05T14:25:10 IST" name="Default suite" finished-at="2025-03-05T14:25:16 IST" duration-ms="6490">
    <groups>
    </groups>
    <test started-at="2025-03-05T14:25:10 IST" name="Default test" finished-at="2025-03-05T14:25:16 IST" duration-ms="6490">
      <class name="com.tutorialsninja.qa.testcase.AddToCartTest">
        <test-method signature="verifyAddingTheProductToCartFromSearchResultPage()[pri:3, instance:com.tutorialsninja.qa.testcase.AddToCartTest@689604d9]" started-at="2025-03-05T14:25:10 IST" name="verifyAddingTheProductToCartFromSearchResultPage" finished-at="2025-03-05T14:25:16 IST" duration-ms="6444" status="PASS">
          <reporter-output>
          </reporter-output>
        </test-method> <!-- verifyAddingTheProductToCartFromSearchResultPage -->
      </class> <!-- com.tutorialsninja.qa.testcase.AddToCartTest -->
    </test> <!-- Default test -->
  </suite> <!-- Default suite -->
</testng-results>
